{"level":"info","message":"error en file en production y consola en dev"}
{"level":"info","message":"error en file en production y consola en dev"}
{"level":"info","message":"error en file en production y consola en dev"}
{"level":"info","message":"error en file en production y consola en dev"}
{"fecha":"2023-08-26T17:02:07.410Z","level":"info","message":"error en file en production y consola en dev"}
{"level":"info","message":"prueba"}
{"level":"info","message":"id incorrecto"}
{"level":"info","message":"id incorrecto"}
{"fecha":"2023-08-30T21:24:52.971Z","level":"info","message":"pagination NaN"}
{"fecha":"2023-08-30T21:26:41.125Z","level":"info","message":"id: incorrecto"}
{"fecha":"2023-08-30T21:26:41.138Z","level":"error","message":"incomplete id : cannot get product"}
{"fecha":"2023-09-05T22:05:27.883Z","level":"info","message":"pagination: NaN"}
{"fecha":"2023-09-05T22:37:50.486Z","level":"info","message":"pagination: NaN"}
{"fecha":"2023-09-05T22:42:44.946Z","level":"info","message":"pagination: NaN"}
{"fecha":"2023-09-05T22:43:37.570Z","level":"info","message":"pagination: NaN"}
{"fecha":"2023-09-05T22:46:16.208Z","level":"info","message":"pagination: NaN"}
{"fecha":"2023-09-05T22:48:07.519Z","level":"info","message":"pagination: NaN"}
{"fecha":"2023-09-05T22:51:47.016Z","level":"info","message":"pagination: NaN"}
{"fecha":"2023-09-05T22:57:46.835Z","level":"info","message":"pagination: NaN"}
{"fecha":"2023-09-05T22:58:50.848Z","level":"info","message":"pagination: NaN"}
{"fecha":"2023-09-05T23:02:30.857Z","level":"info","message":"pagination: NaN"}
{"fecha":"2023-09-05T23:25:26.195Z","level":"info","message":"pagination: NaN"}
{"fecha":"2023-09-05T23:26:17.649Z","level":"info","message":"pagination: NaN"}
{"fecha":"2023-09-05T23:28:48.125Z","level":"info","message":"pagination: NaN"}
{"fecha":"2023-09-05T23:32:11.237Z","level":"info","message":"pagination: NaN"}
{"fecha":"2023-09-05T23:32:11.507Z","level":"info","message":"pagination: NaN"}
{"fecha":"2023-09-06T00:14:31.742Z","level":"info","message":"pagination: NaN"}
{"fecha":"2023-09-06T00:19:51.863Z","level":"info","message":"pagination: NaN"}
{"fecha":"2023-09-06T00:19:52.092Z","level":"info","message":"pagination: NaN"}
{"fecha":"2023-09-06T00:20:39.609Z","level":"info","message":"pagination: NaN"}
{"fecha":"2023-09-06T00:25:43.080Z","level":"info","message":"pagination: NaN"}
{"fecha":"2023-09-06T00:25:49.916Z","level":"info","message":"pagination: NaN"}
{"fecha":"2023-09-06T00:25:56.931Z","level":"info","message":"pagination: NaN"}
{"fecha":"2023-09-06T00:26:15.174Z","level":"info","message":"pagination: NaN"}
{"fecha":"2023-09-06T00:26:15.329Z","level":"info","message":"pagination: NaN"}
{"fecha":"2023-09-06T01:08:53.123Z","level":"info","message":"pagination: NaN"}
{"fecha":"2023-09-06T01:25:36.540Z","level":"info","message":"pagination: NaN"}
{"fecha":"2023-09-06T01:25:36.722Z","level":"info","message":"pagination: NaN"}
{"fecha":"2023-09-06T01:26:19.564Z","level":"info","message":"pagination: NaN"}
{"fecha":"2023-09-06T01:26:19.837Z","level":"info","message":"pagination: NaN"}
{"fecha":"2023-09-06T01:28:33.728Z","level":"info","message":"pagination: NaN"}
{"fecha":"2023-09-06T01:28:33.981Z","level":"info","message":"pagination: NaN"}
{"fecha":"2023-09-06T01:29:16.578Z","level":"info","message":"pagination: NaN"}
{"fecha":"2023-09-06T01:29:16.797Z","level":"info","message":"pagination: NaN"}
{"fecha":"2023-09-06T01:30:21.924Z","level":"info","message":"pagination: NaN"}
{"fecha":"2023-09-06T01:30:22.203Z","level":"info","message":"pagination: NaN"}
{"fecha":"2023-09-06T01:34:18.964Z","level":"info","message":"pagination: NaN"}
{"fecha":"2023-09-06T01:34:19.258Z","level":"info","message":"pagination: NaN"}
{"fecha":"2023-09-06T01:35:21.088Z","level":"info","message":"pagination: NaN"}
{"fecha":"2023-09-06T01:39:02.216Z","level":"info","message":"pagination: NaN"}
{"fecha":"2023-09-06T01:39:09.703Z","level":"info","message":"pagination: NaN"}
{"fecha":"2023-09-06T01:39:09.886Z","level":"info","message":"pagination: NaN"}
{"fecha":"2023-09-06T01:42:51.693Z","level":"info","message":"pagination: NaN"}
{"fecha":"2023-09-06T01:42:56.886Z","level":"info","message":"pagination: NaN"}
{"fecha":"2023-09-06T01:42:57.076Z","level":"info","message":"pagination: NaN"}
{"fecha":"2023-09-06T01:43:31.241Z","level":"info","message":"pagination: NaN"}
{"fecha":"2023-09-06T01:45:55.472Z","level":"info","message":"pagination: NaN"}
{"fecha":"2023-09-06T01:45:55.706Z","level":"info","message":"pagination: NaN"}
{"fecha":"2023-09-06T18:59:02.193Z","level":"info","message":"pagination: NaN"}
{"fecha":"2023-09-06T19:02:47.053Z","level":"info","message":"pagination: NaN"}
{"fecha":"2023-09-06T19:02:47.306Z","level":"info","message":"pagination: NaN"}
{"fecha":"2023-09-06T19:03:15.819Z","level":"info","message":"pagination: NaN"}
{"fecha":"2023-09-06T19:16:04.752Z","level":"info","message":"pagination: NaN"}
{"fecha":"2023-09-06T19:16:04.950Z","level":"info","message":"pagination: NaN"}
{"fecha":"2023-09-06T19:19:18.103Z","level":"info","message":"pagination: NaN"}
{"fecha":"2023-09-06T19:19:18.322Z","level":"info","message":"pagination: NaN"}
{"fecha":"2023-09-06T19:25:52.182Z","level":"info","message":"pagination: NaN"}
{"fecha":"2023-09-06T19:25:52.542Z","level":"info","message":"pagination: NaN"}
{"fecha":"2023-09-06T19:27:10.552Z","level":"info","message":"pagination: NaN"}
{"fecha":"2023-09-06T19:27:10.756Z","level":"info","message":"pagination: NaN"}
{"fecha":"2023-09-06T19:29:52.397Z","level":"info","message":"pagination: NaN"}
{"fecha":"2023-09-06T19:29:52.678Z","level":"info","message":"pagination: NaN"}
{"fecha":"2023-09-06T19:32:22.846Z","level":"info","message":"pagination: NaN"}
{"fecha":"2023-09-06T19:32:23.073Z","level":"info","message":"pagination: NaN"}
{"fecha":"2023-09-06T19:37:18.059Z","level":"info","message":"pagination: NaN"}
{"fecha":"2023-09-06T19:37:18.325Z","level":"info","message":"pagination: NaN"}
{"fecha":"2023-09-06T19:38:42.397Z","level":"info","message":"pagination: NaN"}
{"fecha":"2023-09-06T19:38:42.634Z","level":"info","message":"pagination: NaN"}
{"fecha":"2023-09-06T19:39:21.618Z","level":"info","message":"pagination: NaN"}
{"fecha":"2023-09-06T19:39:28.921Z","level":"info","message":"pagination: NaN"}
{"fecha":"2023-09-06T19:39:29.090Z","level":"info","message":"pagination: NaN"}
{"fecha":"2023-09-06T20:00:36.195Z","level":"info","message":"pagination: NaN"}
{"fecha":"2023-09-06T20:00:36.422Z","level":"info","message":"pagination: NaN"}
{"fecha":"2023-09-06T20:01:35.841Z","level":"info","message":"pagination: NaN"}
{"fecha":"2023-09-06T20:01:36.069Z","level":"info","message":"pagination: NaN"}
{"fecha":"2023-09-06T20:02:06.377Z","level":"info","message":"pagination: NaN"}
{"fecha":"2023-09-06T20:02:06.602Z","level":"info","message":"pagination: NaN"}
{"fecha":"2023-09-06T20:06:46.686Z","level":"info","message":"pagination: NaN"}
{"fecha":"2023-09-06T20:06:46.941Z","level":"info","message":"pagination: NaN"}
{"fecha":"2023-09-06T20:12:03.848Z","level":"info","message":"pagination: NaN"}
{"fecha":"2023-09-06T20:12:04.098Z","level":"info","message":"pagination: NaN"}
{"fecha":"2023-09-06T20:13:02.400Z","level":"info","message":"pagination: NaN"}
{"fecha":"2023-09-06T20:13:02.641Z","level":"info","message":"pagination: NaN"}
{"fecha":"2023-09-06T20:21:07.308Z","level":"info","message":"pagination: NaN"}
{"fecha":"2023-09-06T20:21:07.544Z","level":"info","message":"pagination: NaN"}
{"fecha":"2023-09-06T20:21:46.831Z","level":"info","message":"pagination: NaN"}
{"fecha":"2023-09-06T20:21:47.106Z","level":"info","message":"pagination: NaN"}
{"fecha":"2023-09-06T20:22:24.824Z","level":"info","message":"pagination: NaN"}
{"fecha":"2023-09-06T22:05:14.217Z","level":"info","message":"pagination: NaN"}
{"fecha":"2023-09-06T22:05:35.538Z","level":"info","message":"pagination: NaN"}
{"fecha":"2023-09-06T22:06:44.895Z","level":"info","message":"pagination: NaN"}
{"fecha":"2023-09-06T22:07:32.747Z","level":"info","message":"pagination: NaN"}
{"fecha":"2023-09-06T22:07:40.431Z","level":"info","message":"pagination: NaN"}
{"fecha":"2023-09-06T22:08:26.972Z","level":"info","message":"pagination: NaN"}
{"fecha":"2023-09-06T22:11:28.175Z","level":"info","message":"pagination: NaN"}
{"fecha":"2023-09-06T22:12:56.781Z","level":"info","message":"pagination: NaN"}
{"fecha":"2023-09-06T22:13:07.177Z","level":"info","message":"pagination: NaN"}
{"fecha":"2023-09-06T22:13:47.856Z","level":"info","message":"pagination: NaN"}
{"fecha":"2023-09-06T22:14:56.733Z","level":"info","message":"pagination: NaN"}
{"fecha":"2023-09-06T22:25:50.834Z","level":"info","message":"pagination: NaN"}
{"fecha":"2023-09-06T22:26:09.753Z","level":"info","message":"pagination: NaN"}
{"fecha":"2023-09-06T22:31:40.187Z","level":"info","message":"pagination: NaN"}
{"fecha":"2023-09-06T22:33:49.237Z","level":"info","message":"pagination: NaN"}
{"fecha":"2023-09-06T22:36:12.103Z","level":"info","message":"pagination: NaN"}
{"fecha":"2023-09-06T22:36:52.721Z","level":"info","message":"pagination: NaN"}
{"fecha":"2023-09-06T22:37:59.198Z","level":"info","message":"pagination: NaN"}
{"fecha":"2023-09-06T22:38:17.300Z","level":"info","message":"pagination: NaN"}
{"fecha":"2023-09-06T22:38:47.685Z","level":"info","message":"pagination: NaN"}
{"fecha":"2023-09-06T22:39:06.807Z","level":"info","message":"pagination: NaN"}
{"fecha":"2023-09-06T22:40:23.510Z","level":"info","message":"pagination: NaN"}
{"fecha":"2023-09-06T22:43:56.292Z","level":"info","message":"pagination: NaN"}
{"fecha":"2023-09-06T22:48:23.902Z","level":"info","message":"pagination: NaN"}
{"fecha":"2023-09-06T22:49:25.436Z","level":"info","message":"pagination: NaN"}
{"fecha":"2023-09-06T22:53:45.394Z","level":"info","message":"pagination: NaN"}
{"fecha":"2023-09-06T22:59:15.269Z","level":"info","message":"pagination: NaN"}
{"fecha":"2023-09-06T23:00:17.416Z","level":"info","message":"pagination: NaN"}
{"fecha":"2023-09-06T23:08:20.964Z","level":"info","message":"pagination: NaN"}
{"fecha":"2023-09-06T23:12:30.590Z","level":"info","message":"pagination: NaN"}
{"fecha":"2023-09-06T23:13:59.060Z","level":"info","message":"pagination: NaN"}
{"fecha":"2023-09-06T23:15:03.247Z","level":"info","message":"pagination: NaN"}
{"fecha":"2023-09-06T23:15:29.968Z","level":"info","message":"pagination: NaN"}
{"fecha":"2023-09-06T23:15:31.274Z","level":"info","message":"pagination: NaN"}
{"fecha":"2023-09-06T23:15:34.942Z","level":"info","message":"pagination: NaN"}
{"fecha":"2023-09-06T23:17:42.646Z","level":"info","message":"pagination: NaN"}
{"fecha":"2023-09-06T23:18:42.017Z","level":"info","message":"pagination: NaN"}
{"fecha":"2023-09-06T23:19:37.771Z","level":"info","message":"pagination: NaN"}
{"fecha":"2023-09-06T23:30:50.596Z","level":"info","message":"pagination: NaN"}
{"fecha":"2023-09-06T23:37:45.956Z","level":"info","message":"pagination: NaN"}
{"fecha":"2023-09-06T23:39:11.576Z","level":"info","message":"pagination: NaN"}
{"fecha":"2023-09-06T23:39:13.729Z","level":"info","message":"pagination: NaN"}
{"fecha":"2023-09-06T23:39:58.864Z","level":"info","message":"pagination: NaN"}
{"fecha":"2023-09-06T23:44:08.376Z","level":"info","message":"pagination: NaN"}
{"fecha":"2023-09-06T23:44:57.589Z","level":"info","message":"pagination: NaN"}
{"fecha":"2023-09-06T23:47:49.509Z","level":"info","message":"pagination: NaN"}
{"fecha":"2023-09-06T23:48:11.460Z","level":"info","message":"pagination: NaN"}
{"fecha":"2023-09-06T23:48:37.612Z","level":"info","message":"pagination: NaN"}
{"fecha":"2023-09-06T23:49:14.543Z","level":"info","message":"pagination: NaN"}
{"fecha":"2023-09-06T23:49:21.591Z","level":"info","message":"pagination: NaN"}
{"fecha":"2023-09-06T23:49:42.586Z","level":"info","message":"pagination: NaN"}
{"fecha":"2023-09-06T23:51:39.356Z","level":"info","message":"pagination: NaN"}
{"fecha":"2023-09-06T23:54:02.469Z","level":"info","message":"pagination: NaN"}
{"fecha":"2023-09-06T23:54:16.518Z","level":"info","message":"pagination: NaN"}
{"fecha":"2023-09-07T01:02:38.321Z","level":"info","message":"pagination: NaN"}
{"fecha":"2023-09-07T01:03:54.550Z","level":"info","message":"pagination: NaN"}
{"fecha":"2023-09-07T01:05:00.893Z","level":"info","message":"pagination: NaN"}
{"fecha":"2023-09-07T01:08:07.921Z","level":"info","message":"pagination: NaN"}
{"fecha":"2023-09-07T01:09:07.750Z","level":"info","message":"pagination: NaN"}
{"fecha":"2023-09-07T01:10:07.504Z","level":"info","message":"pagination: NaN"}
{"fecha":"2023-09-07T01:11:59.615Z","level":"info","message":"pagination: NaN"}
{"fecha":"2023-09-07T01:15:16.235Z","level":"info","message":"pagination: NaN"}
{"fecha":"2023-09-07T01:18:20.622Z","level":"info","message":"pagination: NaN"}
{"fecha":"2023-09-07T01:18:40.860Z","level":"info","message":"pagination: NaN"}
{"fecha":"2023-09-07T01:21:40.040Z","level":"info","message":"pagination: NaN"}
{"fecha":"2023-09-07T01:23:21.707Z","level":"info","message":"pagination: NaN"}
{"fecha":"2023-09-07T01:24:14.307Z","level":"info","message":"pagination: NaN"}
{"fecha":"2023-09-07T01:25:21.963Z","level":"info","message":"pagination: NaN"}
{"fecha":"2023-09-07T01:25:51.664Z","level":"info","message":"pagination: NaN"}
{"fecha":"2023-09-07T01:26:27.280Z","level":"info","message":"pagination: NaN"}
{"fecha":"2023-09-07T01:26:51.313Z","level":"info","message":"pagination: NaN"}
{"fecha":"2023-09-07T01:29:17.031Z","level":"info","message":"pagination: NaN"}
{"fecha":"2023-09-07T01:32:16.709Z","level":"info","message":"pagination: NaN"}
{"fecha":"2023-09-07T01:35:24.646Z","level":"info","message":"pagination: NaN"}
{"fecha":"2023-09-07T01:36:33.238Z","level":"info","message":"pagination: NaN"}
{"fecha":"2023-09-07T01:36:51.112Z","level":"info","message":"pagination: NaN"}
{"fecha":"2023-09-07T01:37:18.711Z","level":"info","message":"pagination: NaN"}
{"fecha":"2023-09-07T01:37:21.584Z","level":"info","message":"pagination: NaN"}
{"fecha":"2023-09-07T01:37:27.304Z","level":"info","message":"pagination: NaN"}
{"fecha":"2023-09-07T01:37:37.869Z","level":"info","message":"pagination: NaN"}
{"fecha":"2023-09-07T01:37:50.507Z","level":"info","message":"pagination: NaN"}
{"fecha":"2023-09-07T01:39:34.430Z","level":"info","message":"pagination: NaN"}
{"fecha":"2023-09-07T01:39:42.345Z","level":"info","message":"pagination: NaN"}
{"fecha":"2023-09-07T01:40:10.297Z","level":"info","message":"pagination: NaN"}
{"fecha":"2023-09-07T01:40:13.439Z","level":"info","message":"pagination: NaN"}
{"fecha":"2023-09-07T01:40:25.873Z","level":"info","message":"pagination: NaN"}
{"fecha":"2023-09-07T01:40:33.673Z","level":"info","message":"pagination: NaN"}
{"fecha":"2023-09-07T01:40:38.545Z","level":"info","message":"id: 6498d06e1f20997a7c777e86"}
{"fecha":"2023-09-07T01:41:14.404Z","level":"info","message":"id: 6498d06e1f20997a7c777e86"}
{"fecha":"2023-09-08T19:37:58.490Z","level":"info","message":"pagination: NaN"}
{"fecha":"2023-09-08T19:38:21.328Z","level":"info","message":"pagination: NaN"}
{"fecha":"2023-09-08T19:38:32.344Z","level":"info","message":"pagination: NaN"}
{"fecha":"2023-09-08T19:39:10.235Z","level":"info","message":"pagination: NaN"}
{"fecha":"2023-09-08T19:41:07.424Z","level":"info","message":"pagination: NaN"}
{"fecha":"2023-09-08T19:42:43.517Z","level":"info","message":"pagination: NaN"}
{"fecha":"2023-09-08T19:43:07.515Z","level":"info","message":"pagination: NaN"}
{"fecha":"2023-09-08T19:44:06.935Z","level":"info","message":"pagination: NaN"}
{"fecha":"2023-09-08T19:44:37.936Z","level":"info","message":"pagination: NaN"}
{"fecha":"2023-09-08T19:45:07.550Z","level":"info","message":"id: 6498d06e1f20997a7c777e86"}
{"fecha":"2023-09-08T19:45:17.605Z","level":"info","message":"id: 6498d06e1f20997a7c777e86"}
{"fecha":"2023-09-08T19:45:55.863Z","level":"info","message":"id: 6498d06e1f20997a7c777e86"}
{"fecha":"2023-09-08T19:46:28.863Z","level":"info","message":"id: 6498d06e1f20997a7c777e86"}
{"fecha":"2023-09-08T19:46:44.461Z","level":"info","message":"pagination: NaN"}
{"fecha":"2023-09-08T19:47:36.440Z","level":"info","message":"pagination: NaN"}
{"fecha":"2023-09-08T19:53:27.301Z","level":"info","message":"pagination: NaN"}
{"fecha":"2023-09-08T19:55:20.076Z","level":"info","message":"pagination: NaN"}
{"fecha":"2023-09-08T19:55:29.405Z","level":"info","message":"pagination: NaN"}
{"fecha":"2023-09-08T20:03:11.758Z","level":"info","message":"pagination: NaN"}
{"fecha":"2023-09-08T20:03:22.445Z","level":"info","message":"pagination: NaN"}
{"fecha":"2023-09-08T20:03:24.973Z","level":"info","message":"pagination: NaN"}
{"fecha":"2023-09-08T20:05:14.941Z","level":"info","message":"pagination: NaN"}
{"fecha":"2023-09-08T20:05:34.443Z","level":"info","message":"pagination: NaN"}
{"fecha":"2023-09-08T20:06:33.828Z","level":"info","message":"pagination: NaN"}
{"fecha":"2023-09-08T20:07:09.543Z","level":"info","message":"pagination: NaN"}
{"fecha":"2023-09-08T20:12:51.067Z","level":"info","message":"pagination: NaN"}
{"fecha":"2023-09-08T20:12:51.271Z","level":"info","message":"pagination: NaN"}
{"fecha":"2023-09-08T20:13:19.872Z","level":"info","message":"pagination: NaN"}
{"fecha":"2023-09-08T20:13:20.068Z","level":"info","message":"pagination: NaN"}
{"fecha":"2023-09-08T20:15:12.788Z","level":"info","message":"pagination: NaN"}
{"fecha":"2023-09-08T20:16:24.659Z","level":"info","message":"pagination: NaN"}
{"fecha":"2023-09-08T20:16:43.196Z","level":"info","message":"pagination: NaN"}
{"fecha":"2023-09-08T20:16:45.724Z","level":"info","message":"pagination: NaN"}
{"fecha":"2023-09-08T20:17:55.525Z","level":"info","message":"pagination: NaN"}
{"fecha":"2023-09-08T20:18:04.993Z","level":"info","message":"pagination: NaN"}
{"fecha":"2023-09-08T20:18:52.205Z","level":"info","message":"pagination: NaN"}
{"fecha":"2023-09-08T20:19:27.883Z","level":"info","message":"pagination: NaN"}
{"fecha":"2023-09-08T20:21:07.129Z","level":"info","message":"pagination: NaN"}
{"fecha":"2023-09-08T20:21:36.624Z","level":"info","message":"pagination: NaN"}
{"fecha":"2023-09-08T20:22:21.796Z","level":"info","message":"pagination: NaN"}
{"fecha":"2023-09-08T20:22:25.102Z","level":"info","message":"pagination: NaN"}
{"fecha":"2023-09-08T20:22:33.420Z","level":"info","message":"pagination: NaN"}
{"fecha":"2023-09-08T20:22:39.968Z","level":"info","message":"pagination: NaN"}
{"fecha":"2023-09-08T20:23:28.561Z","level":"info","message":"pagination: NaN"}
{"fecha":"2023-09-08T20:25:06.282Z","level":"info","message":"pagination: NaN"}
{"fecha":"2023-09-08T20:29:45.473Z","level":"info","message":"pagination: NaN"}
{"fecha":"2023-09-08T20:30:03.605Z","level":"info","message":"pagination: NaN"}
{"fecha":"2023-09-08T20:34:00.207Z","level":"info","message":"pagination: NaN"}
{"fecha":"2023-09-08T20:34:33.940Z","level":"info","message":"pagination: NaN"}
{"fecha":"2023-09-08T20:34:43.174Z","level":"info","message":"pagination: NaN"}
{"fecha":"2023-09-08T20:35:19.848Z","level":"info","message":"pagination: NaN"}
{"fecha":"2023-09-08T20:35:48.290Z","level":"info","message":"pagination: NaN"}
{"fecha":"2023-09-08T20:36:18.939Z","level":"info","message":"pagination: NaN"}
{"fecha":"2023-09-08T20:41:29.818Z","level":"info","message":"pagination: NaN"}
{"fecha":"2023-09-08T20:41:31.913Z","level":"info","message":"pagination: 2"}
{"fecha":"2023-09-08T20:41:33.344Z","level":"info","message":"pagination: 1"}
{"fecha":"2023-09-08T20:41:34.798Z","level":"info","message":"pagination: 2"}
{"fecha":"2023-09-08T20:43:26.418Z","level":"info","message":"pagination: NaN"}
{"fecha":"2023-09-08T20:43:29.578Z","level":"info","message":"pagination: 2"}
{"fecha":"2023-09-08T20:43:33.883Z","level":"info","message":"pagination: 1"}
{"fecha":"2023-09-08T21:32:31.536Z","level":"info","message":"pagination: NaN"}
{"fecha":"2023-09-08T21:32:33.117Z","level":"info","message":"id: 6498d06e1f20997a7c777e86"}
{"fecha":"2023-09-08T21:51:12.857Z","level":"info","message":"pagination: NaN"}
{"fecha":"2023-09-08T21:51:45.369Z","level":"info","message":"pagination: NaN"}
{"fecha":"2023-09-08T22:52:03.054Z","level":"info","message":"pagination: NaN"}
{"fecha":"2023-09-08T22:52:08.512Z","level":"info","message":"pagination: NaN"}
{"fecha":"2023-09-08T22:52:16.217Z","level":"info","message":"pagination: NaN"}
{"fecha":"2023-09-08T23:11:33.005Z","level":"info","message":"pagination: NaN"}
{"fecha":"2023-09-08T23:13:05.632Z","level":"info","message":"pagination: NaN"}
{"fecha":"2023-09-08T23:13:27.814Z","level":"info","message":"pagination: NaN"}
{"fecha":"2023-09-08T23:13:58.260Z","level":"info","message":"pagination: NaN"}
{"fecha":"2023-09-08T23:14:06.511Z","level":"info","message":"pagination: NaN"}
{"fecha":"2023-09-08T23:14:13.544Z","level":"info","message":"pagination: NaN"}
{"fecha":"2023-09-08T23:14:24.345Z","level":"info","message":"pagination: NaN"}
{"fecha":"2023-09-08T23:14:29.377Z","level":"info","message":"pagination: NaN"}
{"fecha":"2023-09-08T23:14:42.547Z","level":"info","message":"pagination: NaN"}
{"fecha":"2023-09-08T23:14:46.550Z","level":"info","message":"pagination: NaN"}
{"fecha":"2023-09-08T23:15:38.400Z","level":"info","message":"pagination: NaN"}
{"fecha":"2023-09-08T23:15:45.082Z","level":"info","message":"pagination: NaN"}
{"fecha":"2023-09-08T23:15:46.707Z","level":"info","message":"pagination: NaN"}
{"fecha":"2023-09-08T23:17:46.324Z","level":"info","message":"pagination: NaN"}
{"fecha":"2023-09-08T23:18:46.270Z","level":"info","message":"pagination: NaN"}
{"fecha":"2023-09-08T23:19:06.575Z","level":"info","message":"pagination: NaN"}
{"fecha":"2023-09-08T23:19:14.990Z","level":"info","message":"pagination: NaN"}
{"fecha":"2023-09-08T23:22:39.118Z","level":"info","message":"pagination: NaN"}
{"fecha":"2023-09-08T23:22:47.163Z","level":"info","message":"pagination: NaN"}
{"fecha":"2023-09-08T23:25:37.118Z","level":"info","message":"pagination: NaN"}
{"fecha":"2023-09-08T23:25:56.973Z","level":"info","message":"pagination: NaN"}
{"fecha":"2023-09-08T23:26:20.135Z","level":"info","message":"pagination: NaN"}
{"fecha":"2023-09-08T23:27:44.318Z","level":"info","message":"pagination: NaN"}
{"fecha":"2023-09-08T23:27:55.102Z","level":"info","message":"pagination: NaN"}
{"fecha":"2023-09-08T23:27:58.941Z","level":"info","message":"pagination: NaN"}
{"fecha":"2023-09-08T23:29:52.978Z","level":"info","message":"pagination: NaN"}
{"fecha":"2023-09-08T23:46:36.846Z","level":"info","message":"pagination: NaN"}
{"fecha":"2023-09-08T23:47:12.212Z","level":"info","message":"pagination: NaN"}
{"fecha":"2023-09-08T23:47:56.452Z","level":"info","message":"pagination: NaN"}
{"fecha":"2023-09-08T23:48:30.370Z","level":"info","message":"pagination: NaN"}
{"fecha":"2023-09-08T23:48:51.564Z","level":"info","message":"pagination: NaN"}
{"fecha":"2023-09-08T23:48:53.748Z","level":"info","message":"pagination: 2"}
{"fecha":"2023-09-08T23:49:04.884Z","level":"info","message":"pagination: 2"}
{"fecha":"2023-09-08T23:49:11.641Z","level":"info","message":"pagination: 2"}
{"fecha":"2023-09-08T23:49:20.426Z","level":"info","message":"pagination: NaN"}
{"fecha":"2023-09-08T23:49:22.590Z","level":"info","message":"pagination: 2"}
{"fecha":"2023-09-08T23:49:44.858Z","level":"info","message":"pagination: 2"}
{"fecha":"2023-09-08T23:50:55.278Z","level":"info","message":"pagination: NaN"}
{"fecha":"2023-09-08T23:51:53.609Z","level":"info","message":"pagination: NaN"}
{"fecha":"2023-09-08T23:51:55.707Z","level":"info","message":"pagination: 2"}
{"fecha":"2023-09-08T23:52:51.849Z","level":"info","message":"pagination: 2"}
{"fecha":"2023-09-08T23:52:52.612Z","level":"info","message":"pagination: 2"}
{"fecha":"2023-09-08T23:53:22.085Z","level":"info","message":"pagination: 2"}
{"fecha":"2023-09-08T23:53:49.496Z","level":"info","message":"pagination: 2"}
{"fecha":"2023-09-08T23:53:56.928Z","level":"info","message":"pagination: 2"}
{"fecha":"2023-09-08T23:54:29.432Z","level":"info","message":"pagination: NaN"}
{"fecha":"2023-09-08T23:54:32.154Z","level":"info","message":"pagination: 2"}
{"fecha":"2023-09-08T23:54:36.753Z","level":"info","message":"pagination: NaN"}
{"fecha":"2023-09-08T23:54:38.475Z","level":"info","message":"pagination: 2"}
{"fecha":"2023-09-08T23:54:47.481Z","level":"info","message":"pagination: NaN"}
{"fecha":"2023-09-08T23:54:50.012Z","level":"info","message":"pagination: 2"}
{"fecha":"2023-09-08T23:54:57.591Z","level":"info","message":"pagination: 2"}
{"fecha":"2023-09-09T00:08:59.392Z","level":"info","message":"pagination: 2"}
{"fecha":"2023-09-09T00:09:04.656Z","level":"info","message":"pagination: NaN"}
{"fecha":"2023-09-09T00:09:11.419Z","level":"info","message":"pagination: NaN"}
{"fecha":"2023-09-09T00:09:18.426Z","level":"info","message":"pagination: NaN"}
{"fecha":"2023-09-09T00:09:27.386Z","level":"info","message":"pagination: NaN"}
{"fecha":"2023-09-09T00:10:14.197Z","level":"info","message":"pagination: NaN"}
{"fecha":"2023-09-09T00:10:16.538Z","level":"info","message":"pagination: 2"}
{"fecha":"2023-09-09T00:10:33.087Z","level":"info","message":"pagination: NaN"}
{"fecha":"2023-09-09T00:12:39.606Z","level":"info","message":"pagination: NaN"}
{"fecha":"2023-09-09T00:12:41.824Z","level":"info","message":"pagination: 2"}
{"fecha":"2023-09-09T00:13:09.848Z","level":"info","message":"pagination: 2"}
{"fecha":"2023-09-09T00:13:36.590Z","level":"info","message":"pagination: NaN"}
{"fecha":"2023-09-09T00:13:39.454Z","level":"info","message":"pagination: 2"}
{"fecha":"2023-09-09T00:13:57.644Z","level":"info","message":"pagination: NaN"}
{"fecha":"2023-09-09T00:23:59.643Z","level":"info","message":"pagination: NaN"}
{"fecha":"2023-09-09T00:23:59.843Z","level":"info","message":"pagination: NaN"}
{"fecha":"2023-09-09T15:31:38.529Z","level":"info","message":"pagination: NaN"}
{"fecha":"2023-09-09T15:46:05.299Z","level":"info","message":"pagination: NaN"}
{"fecha":"2023-09-09T15:46:05.534Z","level":"info","message":"pagination: NaN"}
{"fecha":"2023-09-09T15:47:19.633Z","level":"info","message":"pagination: NaN"}
{"fecha":"2023-09-09T15:47:25.578Z","level":"info","message":"pagination: NaN"}
{"fecha":"2023-09-09T15:47:25.737Z","level":"info","message":"pagination: NaN"}
{"fecha":"2023-09-09T15:47:45.016Z","level":"info","message":"pagination: NaN"}
{"fecha":"2023-09-09T15:47:45.245Z","level":"info","message":"pagination: NaN"}
{"fecha":"2023-09-09T15:52:37.276Z","level":"info","message":"pagination: NaN"}
{"fecha":"2023-09-09T15:52:42.016Z","level":"info","message":"pagination: NaN"}
{"fecha":"2023-09-09T15:52:46.858Z","level":"info","message":"pagination: NaN"}
{"fecha":"2023-09-09T16:44:35.000Z","level":"info","message":"pagination: NaN"}
{"fecha":"2023-09-09T16:48:09.581Z","level":"info","message":"pagination: NaN"}
{"fecha":"2023-09-09T16:49:38.388Z","level":"info","message":"pagination: NaN"}
{"fecha":"2023-09-09T16:59:26.621Z","level":"info","message":"pagination: NaN"}
{"fecha":"2023-09-09T17:23:11.687Z","level":"info","message":"pagination: NaN"}
{"fecha":"2023-09-09T17:24:51.577Z","level":"info","message":"pagination: NaN"}
{"fecha":"2023-09-09T17:24:52.938Z","level":"info","message":"pagination: NaN"}
{"fecha":"2023-09-09T17:29:21.398Z","level":"info","message":"pagination: NaN"}
{"fecha":"2023-09-09T17:35:08.809Z","level":"info","message":"pagination: NaN"}
{"fecha":"2023-09-09T17:35:55.753Z","level":"info","message":"pagination: NaN"}
{"fecha":"2023-09-09T17:36:34.558Z","level":"info","message":"pagination: NaN"}
{"fecha":"2023-09-09T17:37:21.208Z","level":"info","message":"pagination: NaN"}
{"fecha":"2023-09-09T17:37:40.700Z","level":"info","message":"pagination: NaN"}
{"fecha":"2023-09-09T17:37:43.547Z","level":"info","message":"pagination: NaN"}
{"fecha":"2023-09-09T17:37:49.449Z","level":"info","message":"pagination: NaN"}
{"fecha":"2023-09-09T17:38:14.687Z","level":"info","message":"pagination: NaN"}
{"fecha":"2023-09-09T17:39:25.060Z","level":"info","message":"pagination: NaN"}
{"fecha":"2023-09-09T17:39:37.611Z","level":"info","message":"pagination: NaN"}
{"fecha":"2023-09-09T17:39:45.600Z","level":"info","message":"pagination: NaN"}
{"fecha":"2023-09-09T17:39:52.817Z","level":"info","message":"pagination: NaN"}
{"fecha":"2023-09-09T17:40:49.672Z","level":"info","message":"pagination: NaN"}
{"fecha":"2023-09-09T17:40:53.329Z","level":"info","message":"pagination: NaN"}
{"fecha":"2023-09-09T17:41:55.568Z","level":"info","message":"pagination: NaN"}
{"fecha":"2023-09-09T17:42:03.755Z","level":"info","message":"pagination: NaN"}
{"fecha":"2023-09-09T17:42:30.836Z","level":"info","message":"pagination: NaN"}
{"fecha":"2023-09-09T17:42:41.759Z","level":"info","message":"pagination: NaN"}
{"fecha":"2023-09-09T17:45:18.128Z","level":"info","message":"pagination: NaN"}
{"fecha":"2023-09-09T17:46:04.006Z","level":"info","message":"pagination: NaN"}
{"fecha":"2023-09-09T17:46:27.241Z","level":"info","message":"pagination: NaN"}
{"fecha":"2023-09-09T17:47:33.458Z","level":"info","message":"pagination: NaN"}
{"fecha":"2023-09-09T17:48:22.010Z","level":"info","message":"pagination: NaN"}
{"fecha":"2023-09-09T17:48:44.134Z","level":"info","message":"pagination: NaN"}
{"fecha":"2023-09-09T17:48:45.149Z","level":"info","message":"pagination: NaN"}
{"fecha":"2023-09-09T17:49:23.567Z","level":"info","message":"pagination: NaN"}
{"fecha":"2023-09-09T17:50:19.103Z","level":"info","message":"pagination: NaN"}
{"fecha":"2023-09-09T17:50:58.260Z","level":"info","message":"pagination: NaN"}
{"fecha":"2023-09-09T17:51:20.702Z","level":"info","message":"pagination: NaN"}
{"fecha":"2023-09-09T17:51:34.293Z","level":"info","message":"pagination: NaN"}
{"fecha":"2023-09-09T17:52:13.918Z","level":"info","message":"pagination: NaN"}
{"fecha":"2023-09-09T17:52:39.990Z","level":"info","message":"pagination: NaN"}
{"fecha":"2023-09-09T17:52:44.493Z","level":"info","message":"pagination: NaN"}
{"fecha":"2023-09-09T17:54:49.415Z","level":"info","message":"pagination: NaN"}
{"fecha":"2023-09-09T17:54:54.809Z","level":"info","message":"pagination: NaN"}
{"fecha":"2023-09-09T17:54:58.039Z","level":"info","message":"pagination: NaN"}
{"fecha":"2023-09-09T17:55:00.546Z","level":"info","message":"pagination: NaN"}
{"fecha":"2023-09-09T17:57:19.870Z","level":"info","message":"pagination: NaN"}
{"fecha":"2023-09-09T17:57:29.323Z","level":"info","message":"pagination: NaN"}
{"fecha":"2023-09-09T17:57:40.498Z","level":"info","message":"pagination: NaN"}
{"fecha":"2023-09-09T18:01:55.889Z","level":"info","message":"pagination: NaN"}
{"fecha":"2023-09-09T18:05:36.994Z","level":"info","message":"pagination: NaN"}
{"fecha":"2023-09-09T18:06:09.953Z","level":"info","message":"pagination: NaN"}
{"fecha":"2023-09-09T18:06:10.476Z","level":"info","message":"pagination: NaN"}
{"fecha":"2023-09-09T18:07:02.299Z","level":"info","message":"pagination: NaN"}
{"fecha":"2023-09-09T18:10:35.170Z","level":"info","message":"pagination: NaN"}
{"fecha":"2023-09-09T18:10:39.328Z","level":"info","message":"pagination: NaN"}
{"fecha":"2023-09-09T18:10:42.255Z","level":"info","message":"pagination: NaN"}
{"fecha":"2023-09-09T18:23:34.650Z","level":"info","message":"pagination: NaN"}
{"fecha":"2023-09-09T18:23:34.831Z","level":"info","message":"pagination: NaN"}
{"fecha":"2023-09-09T18:24:00.330Z","level":"info","message":"pagination: NaN"}
{"fecha":"2023-09-09T18:39:15.315Z","level":"info","message":"pagination: NaN"}
{"fecha":"2023-09-09T18:46:41.569Z","level":"info","message":"pagination: NaN"}
{"fecha":"2023-09-09T18:46:41.773Z","level":"info","message":"pagination: NaN"}
{"fecha":"2023-09-09T18:47:20.671Z","level":"info","message":"pagination: NaN"}
{"fecha":"2023-09-09T18:47:26.286Z","level":"info","message":"pagination: NaN"}
{"fecha":"2023-09-09T18:47:26.430Z","level":"info","message":"pagination: NaN"}
{"fecha":"2023-09-09T18:48:01.524Z","level":"info","message":"pagination: NaN"}
{"fecha":"2023-09-09T18:48:09.081Z","level":"info","message":"pagination: NaN"}
{"fecha":"2023-09-09T18:48:26.887Z","level":"info","message":"pagination: NaN"}
{"fecha":"2023-09-09T18:48:29.243Z","level":"info","message":"pagination: 2"}
{"fecha":"2023-09-09T18:48:45.311Z","level":"info","message":"pagination: 2"}
{"fecha":"2023-09-09T18:48:51.669Z","level":"info","message":"pagination: NaN"}
{"fecha":"2023-09-09T18:54:25.842Z","level":"info","message":"pagination: NaN"}
{"fecha":"2023-09-09T18:54:26.199Z","level":"info","message":"pagination: NaN"}
{"fecha":"2023-09-09T18:54:59.881Z","level":"info","message":"pagination: NaN"}
{"fecha":"2023-09-09T18:55:00.064Z","level":"info","message":"pagination: NaN"}
{"fecha":"2023-09-09T18:55:40.675Z","level":"info","message":"pagination: NaN"}
{"fecha":"2023-09-09T18:55:40.906Z","level":"info","message":"pagination: NaN"}
{"fecha":"2023-09-09T19:00:31.216Z","level":"info","message":"pagination: NaN"}
{"fecha":"2023-09-09T19:00:31.499Z","level":"info","message":"pagination: NaN"}
{"fecha":"2023-09-09T19:01:56.918Z","level":"info","message":"pagination: NaN"}
{"fecha":"2023-09-09T19:01:57.207Z","level":"info","message":"pagination: NaN"}
{"fecha":"2023-09-09T19:02:23.782Z","level":"info","message":"pagination: NaN"}
{"fecha":"2023-09-09T19:02:27.977Z","level":"info","message":"pagination: NaN"}
{"fecha":"2023-09-09T19:02:32.589Z","level":"info","message":"pagination: NaN"}
{"fecha":"2023-09-09T19:02:36.355Z","level":"info","message":"pagination: NaN"}
{"fecha":"2023-09-09T19:02:39.469Z","level":"info","message":"pagination: NaN"}
{"fecha":"2023-09-09T19:03:25.812Z","level":"info","message":"pagination: NaN"}
{"fecha":"2023-09-09T19:03:26.026Z","level":"info","message":"pagination: NaN"}
{"fecha":"2023-09-09T19:03:48.201Z","level":"info","message":"pagination: NaN"}
{"fecha":"2023-09-09T19:03:53.457Z","level":"info","message":"pagination: NaN"}
{"fecha":"2023-09-09T19:03:53.639Z","level":"info","message":"pagination: NaN"}
{"fecha":"2023-09-09T19:04:25.374Z","level":"info","message":"pagination: NaN"}
{"fecha":"2023-09-09T19:17:18.387Z","level":"info","message":"pagination: NaN"}
{"fecha":"2023-09-09T19:17:18.606Z","level":"info","message":"pagination: NaN"}
{"fecha":"2023-09-09T19:17:54.384Z","level":"info","message":"pagination: NaN"}
{"fecha":"2023-09-09T19:18:12.190Z","level":"info","message":"pagination: NaN"}
{"fecha":"2023-09-09T19:18:12.366Z","level":"info","message":"pagination: NaN"}
{"fecha":"2023-09-09T19:19:42.660Z","level":"info","message":"pagination: NaN"}
{"fecha":"2023-09-09T19:19:42.898Z","level":"info","message":"pagination: NaN"}
{"fecha":"2023-09-09T19:20:05.335Z","level":"info","message":"pagination: NaN"}
{"fecha":"2023-09-09T19:20:10.599Z","level":"info","message":"pagination: NaN"}
{"fecha":"2023-09-09T19:20:10.760Z","level":"info","message":"pagination: NaN"}
{"fecha":"2023-09-09T19:20:34.125Z","level":"info","message":"pagination: NaN"}
{"fecha":"2023-09-09T19:25:42.689Z","level":"info","message":"pagination: NaN"}
{"fecha":"2023-09-09T19:25:43.005Z","level":"info","message":"pagination: NaN"}
{"fecha":"2023-09-09T19:26:30.640Z","level":"info","message":"pagination: NaN"}
{"fecha":"2023-09-09T19:26:38.744Z","level":"info","message":"pagination: NaN"}
{"fecha":"2023-09-09T19:26:38.941Z","level":"info","message":"pagination: NaN"}
{"fecha":"2023-09-09T19:27:23.226Z","level":"info","message":"pagination: NaN"}
{"fecha":"2023-09-09T19:27:28.795Z","level":"info","message":"pagination: NaN"}
{"fecha":"2023-09-09T19:27:28.926Z","level":"info","message":"pagination: NaN"}
{"fecha":"2023-09-09T19:27:43.830Z","level":"info","message":"pagination: NaN"}
{"fecha":"2023-09-09T19:30:09.813Z","level":"info","message":"pagination: NaN"}
{"fecha":"2023-09-09T19:30:39.350Z","level":"info","message":"pagination: NaN"}
{"fecha":"2023-09-09T19:30:39.586Z","level":"info","message":"pagination: NaN"}
{"fecha":"2023-09-09T19:30:51.820Z","level":"info","message":"pagination: NaN"}
{"fecha":"2023-09-09T19:30:56.145Z","level":"info","message":"pagination: NaN"}
{"fecha":"2023-09-09T19:31:00.058Z","level":"info","message":"pagination: 2"}
{"fecha":"2023-09-09T19:31:10.821Z","level":"info","message":"pagination: 2"}
{"fecha":"2023-09-09T19:32:31.358Z","level":"info","message":"pagination: NaN"}
{"fecha":"2023-09-09T19:32:33.679Z","level":"info","message":"pagination: 2"}
{"fecha":"2023-09-09T19:36:48.379Z","level":"info","message":"pagination: NaN"}
{"fecha":"2023-09-09T19:36:57.200Z","level":"info","message":"pagination: NaN"}
{"fecha":"2023-09-09T19:37:31.887Z","level":"info","message":"pagination: NaN"}
{"fecha":"2023-09-09T19:37:36.653Z","level":"info","message":"pagination: NaN"}
{"fecha":"2023-09-09T19:38:01.541Z","level":"info","message":"pagination: NaN"}
{"fecha":"2023-09-09T19:38:56.016Z","level":"info","message":"pagination: NaN"}
{"fecha":"2023-09-09T19:38:56.293Z","level":"info","message":"pagination: NaN"}
{"fecha":"2023-09-09T19:39:04.362Z","level":"info","message":"pagination: NaN"}
{"fecha":"2023-09-09T19:40:39.433Z","level":"info","message":"pagination: 2"}
{"fecha":"2023-09-09T19:40:46.538Z","level":"info","message":"pagination: 2"}
{"fecha":"2023-09-09T19:40:54.979Z","level":"info","message":"pagination: 2"}
{"fecha":"2023-09-09T19:41:01.420Z","level":"info","message":"pagination: NaN"}
{"fecha":"2023-09-09T19:41:03.869Z","level":"info","message":"pagination: 2"}
{"fecha":"2023-09-09T19:41:08.419Z","level":"info","message":"pagination: NaN"}
{"fecha":"2023-09-09T19:41:10.675Z","level":"info","message":"pagination: 2"}
{"fecha":"2023-09-09T19:41:24.295Z","level":"info","message":"pagination: NaN"}
{"fecha":"2023-09-09T19:41:29.459Z","level":"info","message":"pagination: NaN"}
{"fecha":"2023-09-09T19:41:33.200Z","level":"info","message":"pagination: NaN"}
{"fecha":"2023-09-09T19:41:34.602Z","level":"info","message":"pagination: 2"}
{"fecha":"2023-09-09T19:41:41.262Z","level":"info","message":"pagination: NaN"}
{"fecha":"2023-09-09T19:41:43.160Z","level":"info","message":"pagination: 2"}
{"fecha":"2023-09-09T19:41:51.950Z","level":"info","message":"pagination: 2"}
{"fecha":"2023-09-09T19:41:57.287Z","level":"info","message":"pagination: 2"}
{"fecha":"2023-09-09T19:42:04.479Z","level":"info","message":"pagination: NaN"}
{"fecha":"2023-09-09T19:42:06.298Z","level":"info","message":"pagination: 2"}
{"fecha":"2023-09-09T19:42:12.164Z","level":"info","message":"pagination: 2"}
{"fecha":"2023-09-09T19:54:12.766Z","level":"info","message":"pagination: NaN"}
{"fecha":"2023-09-09T19:54:14.560Z","level":"info","message":"pagination: 2"}
{"fecha":"2023-09-09T19:54:25.800Z","level":"info","message":"pagination: 2"}
{"fecha":"2023-09-09T19:55:19.400Z","level":"info","message":"pagination: NaN"}
{"fecha":"2023-09-09T19:57:11.879Z","level":"info","message":"pagination: 2"}
{"fecha":"2023-09-09T19:57:20.356Z","level":"info","message":"pagination: 2"}
{"fecha":"2023-09-09T19:57:23.626Z","level":"info","message":"pagination: 1"}
{"fecha":"2023-09-10T18:45:54.379Z","level":"info","message":"pagination: NaN"}
{"fecha":"2023-09-10T18:47:40.623Z","level":"info","message":"pagination: NaN"}
{"fecha":"2023-09-10T18:47:40.849Z","level":"info","message":"pagination: NaN"}
{"fecha":"2023-09-11T21:57:57.381Z","level":"info","message":"pagination: NaN"}
{"fecha":"2023-09-11T22:02:06.966Z","level":"info","message":"pagination: NaN"}
{"fecha":"2023-09-11T22:03:36.414Z","level":"info","message":"pagination: NaN"}
{"fecha":"2023-09-11T22:04:37.193Z","level":"info","message":"pagination: NaN"}
{"fecha":"2023-09-11T22:07:03.970Z","level":"info","message":"pagination: NaN"}
{"fecha":"2023-09-11T22:07:04.139Z","level":"info","message":"pagination: NaN"}
{"fecha":"2023-09-11T22:08:18.723Z","level":"info","message":"pagination: NaN"}
{"fecha":"2023-09-11T22:08:19.962Z","level":"info","message":"pagination: NaN"}
{"fecha":"2023-09-11T22:11:17.315Z","level":"info","message":"pagination: NaN"}
{"fecha":"2023-09-11T22:11:18.528Z","level":"info","message":"pagination: NaN"}
{"fecha":"2023-09-11T22:14:48.277Z","level":"info","message":"pagination: NaN"}
{"fecha":"2023-09-11T22:14:49.561Z","level":"info","message":"pagination: NaN"}
{"fecha":"2023-09-11T22:16:09.568Z","level":"info","message":"pagination: NaN"}
{"fecha":"2023-09-11T22:16:43.116Z","level":"info","message":"pagination: NaN"}
{"fecha":"2023-09-11T22:18:05.830Z","level":"info","message":"pagination: NaN"}
